Build started 13/01/2013 22:58:39.
     1>Project "C:\Users\user\Documents\network security\project 3\bot\bot\bot.vcxproj" on node 2 (build target(s)).
     1>InitializeBuildStatus:
         Touching "Debug\bot.unsuccessfulbuild".
       ClCompile:
         C:\Program Files (x86)\Microsoft Visual Studio 10.0\VC\bin\CL.exe /c /ZI /nologo /W3 /WX- /Od /Ob0 /Oy- /D _MBCS /Gm /EHsc /RTC1 /MT /GS /fp:precise /Zc:wchar_t /Zc:forScope /Fo"Debug\\" /Fd"Debug\vc100.pdb" /Gd /TP /analyze- /errorReport:prompt AntiDebugger.cpp bot.cpp util.cpp
         util.cpp
         bot.cpp
         AntiDebugger.cpp
         Generating Code...
     1>c:\users\user\documents\network security\project 3\bot\bot\antidebugger.cpp(128): warning C4733: Inline asm assigning to 'FS:0' : handler not registered as safe handler
     1>c:\users\user\documents\network security\project 3\bot\bot\antidebugger.cpp(131): warning C4733: Inline asm assigning to 'FS:0' : handler not registered as safe handler
     1>c:\users\user\documents\network security\project 3\bot\bot\antidebugger.cpp(152): warning C4731: 'AD_INT' : frame pointer register 'ebp' modified by inline assembly code
     1>c:\users\user\documents\network security\project 3\bot\bot\antidebugger.cpp(158): warning C4731: 'AD_INT' : frame pointer register 'ebp' modified by inline assembly code
       Link:
         C:\Program Files (x86)\Microsoft Visual Studio 10.0\VC\bin\link.exe /ERRORREPORT:PROMPT /OUT:"C:\Users\user\Documents\network security\project 3\bot\Debug\bot.exe" /NOLOGO kernel32.lib user32.lib gdi32.lib winspool.lib comdlg32.lib advapi32.lib shell32.lib ole32.lib oleaut32.lib uuid.lib odbc32.lib odbccp32.lib /MANIFEST /ManifestFile:"Debug\bot.exe.intermediate.manifest" /MANIFESTUAC:"level='asInvoker' uiAccess='false'" /DEBUG /PDB:"C:\Users\user\Documents\network security\project 3\bot\Debug\bot.pdb" /TLBID:1 /DYNAMICBASE:NO /NXCOMPAT:NO /IMPLIB:"C:\Users\user\Documents\network security\project 3\bot\Debug\bot.lib" /MACHINE:X86 Debug\AntiDebugger.obj
         Debug\Authentication.obj
         Debug\bot.obj
         Debug\Control.obj
         Debug\stdafx.obj
         Debug\util.obj
         bot.vcxproj -> C:\Users\user\Documents\network security\project 3\bot\Debug\bot.exe
       Manifest:
         C:\Program Files (x86)\Microsoft SDKs\Windows\v7.0A\bin\mt.exe /nologo /verbose /outputresource:"C:\Users\user\Documents\network security\project 3\bot\Debug\bot.exe;#1" /manifest Debug\bot.exe.intermediate.manifest
       FinalizeBuildStatus:
         Deleting file "Debug\bot.unsuccessfulbuild".
         Touching "Debug\bot.lastbuildstate".
     1>Done Building Project "C:\Users\user\Documents\network security\project 3\bot\bot\bot.vcxproj" (build target(s)).

Build succeeded.

Time Elapsed 00:00:10.00
